<?xml version="1.0" encoding="UTF-8"?>
<!-- Generated by org.testng.reporters.JUnitReportReporter -->
<testsuite hostname="DESKTOP-HHRJMA8" failures="0" tests="1" name="org.rahulshettyacademy.ExtentReport.ExtentReportDemo" time="6.584" errors="0" timestamp="2023-04-14T00:38:00 IST" skipped="0">
  <testcase classname="org.rahulshettyacademy.ExtentReport.ExtentReportDemo" name="intialDemo" time="6.584"/>
  <system-out/>
</testsuite> <!-- org.rahulshettyacademy.ExtentReport.ExtentReportDemo -->
