<?xml version="1.0" encoding="UTF-8"?>
<!-- Generated by org.testng.reporters.JUnitReportReporter -->
<testsuite hostname="DESKTOP-HSKIC9V" failures="0" tests="1" name="rahulshettyacademy.Appium.ScrollDemo" time="38.000" errors="0" timestamp="2023-04-01T07:57:40 BST" skipped="0">
  <testcase classname="rahulshettyacademy.Appium.ScrollDemo" name="ScrollDemoTest" time="38.000"/>
  <system-out/>
</testsuite> <!-- rahulshettyacademy.Appium.ScrollDemo -->
