<?xml version="1.0" encoding="UTF-8"?>
<!-- Generated by org.testng.reporters.JUnitReportReporter -->
<testsuite hostname="DESKTOP-HSKIC9V" failures="0" tests="1" name="rahulshettyacademy.Appium.LongPress" time="9.275" errors="0" timestamp="2023-04-01T07:29:20 BST" skipped="0">
  <testcase classname="rahulshettyacademy.Appium.LongPress" name="LogPressGesture" time="9.275"/>
  <system-out/>
</testsuite> <!-- rahulshettyacademy.Appium.LongPress -->
