<?xml version="1.0" encoding="UTF-8"?>
<!-- Generated by org.testng.reporters.JUnitReportReporter -->
<testsuite hostname="DESKTOP-HSKIC9V" failures="0" tests="1" name="rahulshettyacademy.Appium.eCommerce_tc_1" time="24.573" errors="0" timestamp="2023-04-02T15:13:45 BST" skipped="0">
  <testcase classname="rahulshettyacademy.Appium.eCommerce_tc_1" name="FillForm" time="24.573"/>
  <system-out/>
</testsuite> <!-- rahulshettyacademy.Appium.eCommerce_tc_1 -->
