<?xml version="1.0" encoding="UTF-8"?>
<!-- Generated by org.testng.reporters.JUnitReportReporter -->
<testsuite hostname="DESKTOP-HSKIC9V" failures="0" tests="1" name="rahulshettyacademy.Appium.eCommerce_tc_2" time="23.216" errors="0" timestamp="2023-04-03T13:12:40 BST" skipped="0">
  <testcase classname="rahulshettyacademy.Appium.eCommerce_tc_2" name="FillForm" time="23.216"/>
  <system-out/>
</testsuite> <!-- rahulshettyacademy.Appium.eCommerce_tc_2 -->
