<?xml version="1.0" encoding="UTF-8"?>
<!-- Generated by org.testng.reporters.JUnitReportReporter -->
<testsuite hostname="DESKTOP-HSKIC9V" failures="0" tests="1" name="rahulshettyacademy.Appium.DragDropDemo" time="7.451" errors="0" timestamp="2023-04-01T11:49:34 BST" skipped="0">
  <testcase classname="rahulshettyacademy.Appium.DragDropDemo" name="DragDropTest" time="7.451"/>
  <system-out/>
</testsuite> <!-- rahulshettyacademy.Appium.DragDropDemo -->
