<?xml version="1.0" encoding="UTF-8"?>
<!-- Generated by org.testng.reporters.JUnitReportReporter -->
<testsuite hostname="DESKTOP-HHRJMA8" failures="0" tests="1" name="rahulshettyacademy.Appium.eCommerce_tc_3_Hybrid" time="49.893" errors="0" timestamp="2023-04-08T00:53:52 IST" skipped="0">
  <testcase classname="rahulshettyacademy.Appium.eCommerce_tc_3_Hybrid" name="FillForm" time="49.893"/>
  <system-out/>
</testsuite> <!-- rahulshettyacademy.Appium.eCommerce_tc_3_Hybrid -->
