<?xml version="1.0" encoding="UTF-8"?>
<!-- Generated by org.testng.reporters.JUnitReportReporter -->
<testsuite hostname="DESKTOP-HSKIC9V" failures="0" tests="1" name="rahulshettyacademy.Appium.swipeDemo" time="10.014" errors="0" timestamp="2023-04-01T08:58:14 BST" skipped="0">
  <testcase classname="rahulshettyacademy.Appium.swipeDemo" name="ScrollDemoTest" time="10.014"/>
  <system-out/>
</testsuite> <!-- rahulshettyacademy.Appium.swipeDemo -->
