<?xml version="1.0" encoding="UTF-8"?>
<!-- Generated by org.testng.reporters.JUnitReportReporter -->
<testsuite hostname="DESKTOP-HHRJMA8" failures="0" tests="1" name="org.rahulshettyacademy.Assignment.Assignment_1" time="14.319" errors="0" timestamp="2023-04-11T12:35:30 IST" skipped="0">
  <testcase classname="org.rahulshettyacademy.Assignment.Assignment_1" name="alertClass" time="14.319"/>
  <system-out/>
</testsuite> <!-- org.rahulshettyacademy.Assignment.Assignment_1 -->
