<?xml version="1.0" encoding="UTF-8"?>
<!-- Generated by org.testng.reporters.JUnitReportReporter -->
<testsuite hostname="DESKTOP-HHRJMA8" failures="0" tests="1" name="org.TST.LoginTest" time="29.577" errors="0" timestamp="2023-04-24T12:12:47 IST" skipped="0">
  <testcase classname="org.TST.LoginTest" name="loginPage" time="29.577"/>
  <system-out/>
</testsuite> <!-- org.TST.LoginTest -->
