<?xml version="1.0" encoding="UTF-8"?>
<!-- Generated by org.testng.reporters.JUnitReportReporter -->
<testsuite hostname="DESKTOP-HHRJMA8" failures="0" tests="2" name="org.TST.NotificationValidation" time="40.024" errors="1" timestamp="2023-04-24T12:17:10 IST" skipped="1">
  <testcase classname="org.TST.NotificationValidation" name="ConfigureAppium" time="40.023">
    <error message="Could not start a new session. Response code 500. Message: An unknown server-side error occurred while processing the command. Original error: Cannot start the &#039;com.instagram.android&#039; application. Consider checking the driver&#039;s troubleshooting documentation. Original error: &#039;com.instagram.android.activity.MainTabActivity&#039; or &#039;com.instagram.android.com.instagram.android.activity.MainTabActivity&#039; never started. Consider checking the driver&#039;s troubleshooting documentation. 
Host info: host: &#039;DESKTOP-HHRJMA8&#039;, ip: &#039;192.168.122.1&#039;
Build info: version: &#039;4.9.0&#039;, revision: &#039;d7057100a6&#039;
System info: os.name: &#039;Windows 10&#039;, os.arch: &#039;amd64&#039;, os.version: &#039;10.0&#039;, java.version: &#039;11.0.17&#039;
Driver info: io.appium.java_client.android.AndroidDriver
Command: [null, newSession {capabilities=[{appium:deviceName=AshishEmulator, platformName=ANDROID, appium:automationName=UIAutomator2, appium:app=C:\Users\Ashish Jha\eclipse-workspace\InstagramFrameworkDesign//src//test//java//resources//Instagram_278.0.0.21.117_Apkpure.apk}], desiredCapabilities=Capabilities {appium:app: C:\Users\Ashish Jha\eclipse..., appium:automationName: UIAutomator2, appium:deviceName: AshishEmulator, platformName: ANDROID}}]
Capabilities {appium:app: C:\Users\Ashish Jha\eclipse..., appium:automationName: UIAutomator2, appium:deviceName: AshishEmulator, platformName: ANDROID}" type="org.openqa.selenium.SessionNotCreatedException">
      <![CDATA[org.openqa.selenium.SessionNotCreatedException: Could not start a new session. Response code 500. Message: An unknown server-side error occurred while processing the command. Original error: Cannot start the 'com.instagram.android' application. Consider checking the driver's troubleshooting documentation. Original error: 'com.instagram.android.activity.MainTabActivity' or 'com.instagram.android.com.instagram.android.activity.MainTabActivity' never started. Consider checking the driver's troubleshooting documentation. 
Host info: host: 'DESKTOP-HHRJMA8', ip: '192.168.122.1'
Build info: version: '4.9.0', revision: 'd7057100a6'
System info: os.name: 'Windows 10', os.arch: 'amd64', os.version: '10.0', java.version: '11.0.17'
Driver info: io.appium.java_client.android.AndroidDriver
Command: [null, newSession {capabilities=[{appium:deviceName=AshishEmulator, platformName=ANDROID, appium:automationName=UIAutomator2, appium:app=C:\Users\Ashish Jha\eclipse-workspace\InstagramFrameworkDesign//src//test//java//resources//Instagram_278.0.0.21.117_Apkpure.apk}], desiredCapabilities=Capabilities {appium:app: C:\Users\Ashish Jha\eclipse..., appium:automationName: UIAutomator2, appium:deviceName: AshishEmulator, platformName: ANDROID}}]
Capabilities {appium:app: C:\Users\Ashish Jha\eclipse..., appium:automationName: UIAutomator2, appium:deviceName: AshishEmulator, platformName: ANDROID}
at org.openqa.selenium.remote.ProtocolHandshake.createSession(ProtocolHandshake.java:136)
at java.base/jdk.internal.reflect.NativeMethodAccessorImpl.invoke0(Native Method)
at java.base/jdk.internal.reflect.NativeMethodAccessorImpl.invoke(NativeMethodAccessorImpl.java:62)
at java.base/jdk.internal.reflect.DelegatingMethodAccessorImpl.invoke(DelegatingMethodAccessorImpl.java:43)
at java.base/java.lang.reflect.Method.invoke(Method.java:566)
at io.appium.java_client.remote.AppiumProtocolHandshake.createSession(AppiumProtocolHandshake.java:133)
at io.appium.java_client.remote.AppiumProtocolHandshake.createSession(AppiumProtocolHandshake.java:102)
at io.appium.java_client.remote.AppiumCommandExecutor.createSession(AppiumCommandExecutor.java:194)
at io.appium.java_client.remote.AppiumCommandExecutor.execute(AppiumCommandExecutor.java:262)
at org.openqa.selenium.remote.RemoteWebDriver.execute(RemoteWebDriver.java:543)
at io.appium.java_client.AppiumDriver.startSession(AppiumDriver.java:229)
at org.openqa.selenium.remote.RemoteWebDriver.<init>(RemoteWebDriver.java:157)
at io.appium.java_client.AppiumDriver.<init>(AppiumDriver.java:80)
at io.appium.java_client.AppiumDriver.<init>(AppiumDriver.java:92)
at io.appium.java_client.android.AndroidDriver.<init>(AndroidDriver.java:117)
at org.TST.TestUtils.BaseTest.ConfigureAppium(BaseTest.java:51)
at java.base/jdk.internal.reflect.NativeMethodAccessorImpl.invoke0(Native Method)
at java.base/jdk.internal.reflect.NativeMethodAccessorImpl.invoke(NativeMethodAccessorImpl.java:62)
at java.base/jdk.internal.reflect.DelegatingMethodAccessorImpl.invoke(DelegatingMethodAccessorImpl.java:43)
at java.base/java.lang.reflect.Method.invoke(Method.java:566)
at org.testng.internal.invokers.MethodInvocationHelper.invokeMethod(MethodInvocationHelper.java:139)
at org.testng.internal.invokers.MethodInvocationHelper.invokeMethodConsideringTimeout(MethodInvocationHelper.java:69)
at org.testng.internal.invokers.ConfigInvoker.invokeConfigurationMethod(ConfigInvoker.java:361)
at org.testng.internal.invokers.ConfigInvoker.invokeConfigurations(ConfigInvoker.java:296)
at org.testng.internal.invokers.TestMethodWorker.invokeBeforeClassMethods(TestMethodWorker.java:180)
at org.testng.internal.invokers.TestMethodWorker.run(TestMethodWorker.java:122)
at java.base/java.util.ArrayList.forEach(ArrayList.java:1541)
at org.testng.TestRunner.privateRun(TestRunner.java:829)
at org.testng.TestRunner.run(TestRunner.java:602)
at org.testng.SuiteRunner.runTest(SuiteRunner.java:437)
at org.testng.SuiteRunner.runSequentially(SuiteRunner.java:431)
at org.testng.SuiteRunner.privateRun(SuiteRunner.java:391)
at org.testng.SuiteRunner.run(SuiteRunner.java:330)
at org.testng.SuiteRunnerWorker.runSuite(SuiteRunnerWorker.java:52)
at org.testng.SuiteRunnerWorker.run(SuiteRunnerWorker.java:95)
at org.testng.TestNG.runSuitesSequentially(TestNG.java:1256)
at org.testng.TestNG.runSuitesLocally(TestNG.java:1176)
at org.testng.TestNG.runSuites(TestNG.java:1099)
at org.testng.TestNG.run(TestNG.java:1067)
at org.testng.remote.AbstractRemoteTestNG.run(AbstractRemoteTestNG.java:115)
at org.testng.remote.RemoteTestNG.initAndRun(RemoteTestNG.java:251)
at org.testng.remote.RemoteTestNG.main(RemoteTestNG.java:77)
]]>
    </error>
  </testcase> <!-- ConfigureAppium -->
  <system-out/>
  <testcase classname="org.TST.NotificationValidation" name="NotificationVal" time="0.001">
    <skipped/>
  </testcase> <!-- NotificationVal -->
  <system-out/>
</testsuite> <!-- org.TST.NotificationValidation -->
