<?xml version="1.0" encoding="UTF-8"?>
<!-- Generated by org.testng.reporters.JUnitReportReporter -->
<testsuite hostname="DESKTOP-HHRJMA8" failures="0" tests="1" name="org.TST.BioValidationTest" time="22.656" errors="0" timestamp="2023-04-24T12:16:15 IST" skipped="0">
  <testcase classname="org.TST.BioValidationTest" name="BioValidation" time="22.656"/>
  <system-out/>
</testsuite> <!-- org.TST.BioValidationTest -->
